TN:
SF:src\config\index.ts
FNF:0
FNH:0
DA:1,1
DA:2,1
DA:3,1
DA:4,1
DA:5,1
DA:6,1
DA:7,1
DA:8,1
DA:9,1
DA:10,1
DA:11,1
DA:12,1
DA:13,1
DA:14,1
LF:14
LH:14
BRF:0
BRH:0
end_of_record
TN:
SF:src\shared\api\AdvertisementService.ts
FN:5,getAdvertisement
FN:10,updateAdvertisement
FNF:2
FNH:2
FNDA:2,getAdvertisement
FNDA:2,updateAdvertisement
DA:1,1
DA:2,1
DA:3,1
DA:4,1
DA:5,1
DA:6,2
DA:7,2
DA:8,2
DA:9,1
DA:10,1
DA:11,2
DA:12,2
DA:13,2
DA:14,2
DA:15,2
DA:16,2
DA:17,2
DA:18,2
DA:19,2
DA:20,2
DA:21,2
DA:22,1
DA:23,1
DA:24,1
DA:25,1
LF:25
LH:25
BRDA:5,0,0,2
BRDA:10,1,0,2
BRF:2
BRH:2
end_of_record
TN:
SF:src\shared\api\AdvertisementsService.ts
FN:4,getAdvertisements
FN:10,getTotalAdvertisements
FN:15,getAdvertisementsBySearch
FN:21,getAdvertisementsAllBySearch
FN:26,getAdvertisementsByFilter
FN:50,getAllAdvertisementsByFilter
FN:69,addAdvertisement
FNF:7
FNH:7
FNDA:3,getAdvertisements
FNDA:2,getTotalAdvertisements
FNDA:2,getAdvertisementsBySearch
FNDA:2,getAdvertisementsAllBySearch
FNDA:1,getAdvertisementsByFilter
FNDA:2,getAllAdvertisementsByFilter
FNDA:2,addAdvertisement
DA:1,1
DA:2,1
DA:3,1
DA:4,1
DA:5,3
DA:6,3
DA:7,3
DA:8,3
DA:9,1
DA:10,1
DA:11,2
DA:12,2
DA:13,2
DA:14,1
DA:15,1
DA:16,2
DA:17,2
DA:18,2
DA:19,2
DA:20,1
DA:21,1
DA:22,2
DA:23,2
DA:24,2
DA:25,1
DA:26,1
DA:27,1
DA:28,1
DA:29,1
DA:30,1
DA:31,1
DA:32,1
DA:33,1
DA:34,1
DA:35,1
DA:36,1
DA:37,1
DA:38,1
DA:39,1
DA:40,1
DA:41,1
DA:42,1
DA:43,1
DA:44,1
DA:45,1
DA:46,1
DA:47,1
DA:48,1
DA:49,1
DA:50,1
DA:51,2
DA:52,2
DA:53,2
DA:54,2
DA:55,2
DA:56,2
DA:57,2
DA:58,2
DA:59,2
DA:60,2
DA:61,2
DA:62,2
DA:63,2
DA:64,2
DA:65,2
DA:66,2
DA:67,2
DA:68,1
DA:69,1
DA:70,2
DA:71,2
DA:72,2
DA:73,2
DA:74,2
DA:75,2
DA:76,2
DA:77,2
DA:78,2
DA:79,2
DA:80,2
DA:81,2
DA:82,2
DA:83,2
DA:84,2
DA:85,2
DA:86,2
DA:87,1
DA:88,1
DA:89,1
LF:89
LH:89
BRDA:4,0,0,3
BRDA:10,1,0,2
BRDA:15,2,0,2
BRDA:21,3,0,2
BRDA:26,4,0,1
BRDA:35,5,0,1
BRDA:50,6,0,2
BRDA:54,7,0,2
BRDA:69,8,0,2
BRF:9
BRH:9
end_of_record
TN:
SF:src\shared\api\OrdersService.ts
FN:5,getOrders
FN:16,getAllOrdersWithStart
FN:23,getAllOrders
FN:29,getOrdersByTotal
FN:46,getAllOrdersByTotal
FN:62,getOrdersByStatus
FN:70,closeOrder
FNF:7
FNH:7
FNDA:3,getOrders
FNDA:2,getAllOrdersWithStart
FNDA:2,getAllOrders
FNDA:2,getOrdersByTotal
FNDA:2,getAllOrdersByTotal
FNDA:2,getOrdersByStatus
FNDA:4,closeOrder
DA:1,1
DA:2,1
DA:3,1
DA:4,1
DA:5,1
DA:6,3
DA:7,3
DA:8,3
DA:9,3
DA:10,3
DA:11,3
DA:12,3
DA:13,3
DA:14,3
DA:15,1
DA:16,1
DA:17,2
DA:18,2
DA:19,2
DA:20,2
DA:21,2
DA:22,1
DA:23,1
DA:24,2
DA:25,2
DA:26,2
DA:27,2
DA:28,1
DA:29,1
DA:30,2
DA:31,2
DA:32,2
DA:33,2
DA:34,2
DA:35,2
DA:36,0
DA:37,0
DA:38,2
DA:39,2
DA:40,2
DA:41,2
DA:42,2
DA:43,2
DA:44,2
DA:45,1
DA:46,1
DA:47,2
DA:48,2
DA:49,2
DA:50,2
DA:51,2
DA:52,0
DA:53,0
DA:54,2
DA:55,2
DA:56,2
DA:57,2
DA:58,2
DA:59,2
DA:60,2
DA:61,1
DA:62,1
DA:63,2
DA:64,2
DA:65,2
DA:66,2
DA:67,2
DA:68,2
DA:69,1
DA:70,1
DA:71,4
DA:72,4
DA:73,4
DA:74,4
DA:75,4
DA:76,4
DA:77,4
DA:78,4
DA:79,4
DA:80,4
DA:81,4
DA:82,1
DA:83,1
DA:84,1
LF:84
LH:80
BRDA:5,0,0,3
BRDA:16,1,0,2
BRDA:23,2,0,2
BRDA:29,3,0,2
BRDA:35,4,0,0
BRDA:46,5,0,2
BRDA:51,6,0,0
BRDA:62,7,0,2
BRDA:70,8,0,4
BRF:9
BRH:7
end_of_record
TN:
SF:src\shared\api\ServerService.ts
FN:4,ServerService
FN:6,request
FNF:2
FNH:2
FNDA:38,ServerService
FNDA:35,request
DA:1,1
DA:2,1
DA:3,1
DA:4,1
DA:5,1
DA:6,1
DA:7,35
DA:8,35
DA:9,35
DA:10,35
DA:11,35
DA:12,35
DA:13,35
DA:14,35
DA:15,35
DA:16,35
DA:17,24
DA:18,35
DA:19,0
DA:20,0
DA:21,24
DA:22,24
DA:23,24
DA:24,24
DA:25,33
DA:26,11
DA:27,11
DA:28,11
DA:29,11
DA:30,35
DA:31,1
LF:31
LH:29
BRDA:4,0,0,38
BRDA:6,1,0,35
BRDA:13,2,0,27
BRDA:13,3,0,8
BRDA:17,4,0,24
BRDA:18,5,0,0
BRDA:21,6,0,33
BRDA:21,7,0,24
BRDA:25,8,0,11
BRF:9
BRH:8
end_of_record
